============================= test session starts ==============================
platform linux -- Python 3.12.3, pytest-9.0.1, pluggy-1.6.0 -- /home/m888888b/borglife/borglife_proto_private/.venv/bin/python3
cachedir: .pytest_cache
rootdir: /home/m888888b/borglife/borglife_proto_private/code
configfile: pytest.ini
plugins: anyio-4.11.0, asyncio-1.3.0, cov-7.0.0
asyncio: mode=Mode.STRICT, debug=False, asyncio_default_fixture_loop_scope=None, asyncio_default_test_loop_scope=function
collecting ... collected 65 items

tests/integration/test_archon_integration.py::test_archon_health PASSED  [  1%]
tests/integration/test_archon_integration.py::test_rag_query FAILED      [  3%]
tests/integration/test_archon_integration.py::test_dna_parsing FAILED    [  4%]
tests/integration/test_archon_integration.py::test_phenotype_building PASSED [  6%]
tests/integration/test_archon_integration.py::test_end_to_end_task_execution FAILED [  7%]
tests/integration/test_archon_integration.py::test_full_demo_loop FAILED [  9%]
tests/integration/test_archon_integration.py::test_sponsor_ui_integration PASSED [ 10%]
tests/integration/test_archon_integration.py::test_archon_failure_graceful_degradation PASSED [ 12%]
tests/integration/test_docker_mcp_integration.py::test_docker_mcp_discovery FAILED [ 13%]
tests/integration/test_docker_mcp_integration.py::test_docker_mcp_health_monitoring FAILED [ 15%]
tests/integration/test_docker_mcp_integration.py::test_docker_mcp_circuit_breaker FAILED [ 16%]
tests/integration/test_docker_mcp_integration.py::test_phenotype_with_docker_mcp_organs 